  [1m[36m (7.3ms)[0m  [1mCREATE TABLE "schema_migrations" ("version" varchar(255) NOT NULL) [0m
  [1m[35m (0.1ms)[0m  select sqlite_version(*)
  [1m[36m (5.9ms)[0m  [1mCREATE UNIQUE INDEX "unique_schema_migrations" ON "schema_migrations" ("version")[0m
  [1m[35mActiveRecord::SchemaMigration Load (2.5ms)[0m  SELECT "schema_migrations".* FROM "schema_migrations"
Migrating to CreateMovies (20140930195234)
  [1m[36m (0.1ms)[0m  [1mbegin transaction[0m
  [1m[35m (8.4ms)[0m  CREATE TABLE "movies" ("id" INTEGER PRIMARY KEY AUTOINCREMENT NOT NULL, "title" varchar(255), "director" varchar(255), "runtime_in_minutes" integer, "description" text, "poster_image_url" varchar(255), "release_date" datetime, "created_at" datetime, "updated_at" datetime) 
  [1m[36mSQL (0.8ms)[0m  [1mINSERT INTO "schema_migrations" ("version") VALUES (?)[0m  [["version", "20140930195234"]]
  [1m[35m (32.1ms)[0m  commit transaction
  [1m[36mActiveRecord::SchemaMigration Load (2.1ms)[0m  [1mSELECT "schema_migrations".* FROM "schema_migrations"[0m


Started GET "/" for 10.0.2.2 at 2014-09-30 20:01:40 +0000
  [1m[36mActiveRecord::SchemaMigration Load (1.9ms)[0m  [1mSELECT "schema_migrations".* FROM "schema_migrations"[0m
Processing by Rails::WelcomeController#index as HTML
  Rendered /usr/local/rvm/gems/ruby-2.0.0-p247/gems/railties-4.1.4/lib/rails/templates/rails/welcome/index.html.erb (8.2ms)
Completed 200 OK in 100ms (Views: 69.4ms | ActiveRecord: 0.0ms)


Started GET "/movies" for 10.0.2.2 at 2014-09-30 20:02:54 +0000
Processing by MoviesController#index as HTML
  [1m[35mMovie Load (1.9ms)[0m  SELECT "movies".* FROM "movies"
  Rendered movies/index.html.erb within layouts/application (3.8ms)
Completed 200 OK in 1516ms (Views: 1490.9ms | ActiveRecord: 1.9ms)


Started GET "/assets/movies.js?body=1" for 10.0.2.2 at 2014-09-30 20:02:56 +0000


Started GET "/assets/application.css?body=1" for 10.0.2.2 at 2014-09-30 20:02:56 +0000


Started GET "/assets/movies.css?body=1" for 10.0.2.2 at 2014-09-30 20:02:56 +0000


Started GET "/assets/turbolinks.js?body=1" for 10.0.2.2 at 2014-09-30 20:02:56 +0000


Started GET "/assets/jquery_ujs.js?body=1" for 10.0.2.2 at 2014-09-30 20:02:56 +0000


Started GET "/assets/jquery.js?body=1" for 10.0.2.2 at 2014-09-30 20:02:56 +0000


Started GET "/assets/application.js?body=1" for 10.0.2.2 at 2014-09-30 20:02:56 +0000


Started GET "/movies" for 10.0.2.2 at 2014-09-30 20:13:21 +0000
Processing by MoviesController#index as HTML
  [1m[36mMovie Load (3.4ms)[0m  [1mSELECT "movies".* FROM "movies"[0m
  Rendered movies/index.html.erb within layouts/application (4.9ms)
Completed 200 OK in 374ms (Views: 345.8ms | ActiveRecord: 3.4ms)


Started GET "/assets/movies.css?body=1" for 10.0.2.2 at 2014-09-30 20:13:21 +0000


Started GET "/assets/application.css?body=1" for 10.0.2.2 at 2014-09-30 20:13:21 +0000


Started GET "/assets/turbolinks.js?body=1" for 10.0.2.2 at 2014-09-30 20:13:21 +0000


Started GET "/assets/jquery_ujs.js?body=1" for 10.0.2.2 at 2014-09-30 20:13:22 +0000


Started GET "/assets/jquery.js?body=1" for 10.0.2.2 at 2014-09-30 20:13:22 +0000


Started GET "/assets/movies.js?body=1" for 10.0.2.2 at 2014-09-30 20:13:22 +0000


Started GET "/assets/application.js?body=1" for 10.0.2.2 at 2014-09-30 20:13:22 +0000


Started GET "/movies/new" for 10.0.2.2 at 2014-09-30 20:13:23 +0000
Processing by MoviesController#new as HTML
  Rendered movies/_form.html.erb (105.5ms)
  Rendered movies/new.html.erb within layouts/application (168.4ms)
Completed 200 OK in 433ms (Views: 426.1ms | ActiveRecord: 5.6ms)


Started POST "/movies" for 10.0.2.2 at 2014-09-30 20:13:57 +0000
Processing by MoviesController#create as HTML
  Parameters: {"utf8"=>"✓", "authenticity_token"=>"odSbI7e3vPoVWyGEA7Adn8GamjmLmVSqc/a6ejR9Tr8=", "movie"=>{"title"=>"Batman", "release_date"=>"2014-09-07", "director"=>"Christopher Nolan", "runtime_in_minutes"=>"210", "poster_image_url"=>"www.google.com", "description"=>"the batman"}, "commit"=>"Submit"}
  [1m[35m (0.1ms)[0m  begin transaction
  [1m[36m (0.1ms)[0m  [1mrollback transaction[0m
  Rendered movies/_form.html.erb (5.4ms)
  Rendered movies/new.html.erb within layouts/application (34.1ms)
Completed 200 OK in 379ms (Views: 373.3ms | ActiveRecord: 0.2ms)


Started GET "/assets/movies.css?body=1" for 10.0.2.2 at 2014-09-30 20:13:58 +0000


Started GET "/assets/jquery_ujs.js?body=1" for 10.0.2.2 at 2014-09-30 20:13:58 +0000


Started GET "/assets/jquery.js?body=1" for 10.0.2.2 at 2014-09-30 20:13:58 +0000


Started GET "/assets/movies.js?body=1" for 10.0.2.2 at 2014-09-30 20:13:58 +0000


Started GET "/assets/turbolinks.js?body=1" for 10.0.2.2 at 2014-09-30 20:13:58 +0000


Started GET "/assets/application.css?body=1" for 10.0.2.2 at 2014-09-30 20:13:58 +0000


Started GET "/assets/application.js?body=1" for 10.0.2.2 at 2014-09-30 20:13:58 +0000


Started POST "/movies" for 10.0.2.2 at 2014-09-30 20:14:04 +0000
Processing by MoviesController#create as HTML
  Parameters: {"utf8"=>"✓", "authenticity_token"=>"odSbI7e3vPoVWyGEA7Adn8GamjmLmVSqc/a6ejR9Tr8=", "movie"=>{"title"=>"Batman", "release_date"=>"2015-09-07", "director"=>"Christopher Nolan", "runtime_in_minutes"=>"210", "poster_image_url"=>"www.google.com", "description"=>"the batman"}, "commit"=>"Submit"}
  [1m[35m (0.1ms)[0m  begin transaction
  [1m[36mSQL (4.4ms)[0m  [1mINSERT INTO "movies" ("created_at", "description", "director", "poster_image_url", "release_date", "runtime_in_minutes", "title", "updated_at") VALUES (?, ?, ?, ?, ?, ?, ?, ?)[0m  [["created_at", "2014-09-30 20:14:04.337622"], ["description", "the batman"], ["director", "Christopher Nolan"], ["poster_image_url", "www.google.com"], ["release_date", "2015-09-07 00:00:00.000000"], ["runtime_in_minutes", 210], ["title", "Batman"], ["updated_at", "2014-09-30 20:14:04.337622"]]
  [1m[35m (17.1ms)[0m  commit transaction
Redirected to http://localhost:3000/movies
Completed 302 Found in 38ms (ActiveRecord: 21.6ms)


Started GET "/movies" for 10.0.2.2 at 2014-09-30 20:14:04 +0000
Processing by MoviesController#index as HTML
  [1m[36mMovie Load (2.0ms)[0m  [1mSELECT "movies".* FROM "movies"[0m
  Rendered movies/index.html.erb within layouts/application (63.3ms)
Completed 200 OK in 396ms (Views: 393.6ms | ActiveRecord: 2.0ms)


Started GET "/assets/movies.css?body=1" for 10.0.2.2 at 2014-09-30 20:14:04 +0000


Started GET "/assets/movies.js?body=1" for 10.0.2.2 at 2014-09-30 20:14:04 +0000


Started GET "/assets/turbolinks.js?body=1" for 10.0.2.2 at 2014-09-30 20:14:04 +0000


Started GET "/assets/jquery_ujs.js?body=1" for 10.0.2.2 at 2014-09-30 20:14:05 +0000


Started GET "/assets/jquery.js?body=1" for 10.0.2.2 at 2014-09-30 20:14:05 +0000


Started GET "/assets/application.css?body=1" for 10.0.2.2 at 2014-09-30 20:14:05 +0000


Started GET "/assets/application.js?body=1" for 10.0.2.2 at 2014-09-30 20:14:05 +0000


Started GET "/images/www.google.com" for 10.0.2.2 at 2014-09-30 20:14:05 +0000

ActionController::RoutingError (No route matches [GET] "/images/www.google.com"):
  actionpack (4.1.4) lib/action_dispatch/middleware/debug_exceptions.rb:21:in `call'
  actionpack (4.1.4) lib/action_dispatch/middleware/show_exceptions.rb:30:in `call'
  railties (4.1.4) lib/rails/rack/logger.rb:38:in `call_app'
  railties (4.1.4) lib/rails/rack/logger.rb:20:in `block in call'
  activesupport (4.1.4) lib/active_support/tagged_logging.rb:68:in `block in tagged'
  activesupport (4.1.4) lib/active_support/tagged_logging.rb:26:in `tagged'
  activesupport (4.1.4) lib/active_support/tagged_logging.rb:68:in `tagged'
  railties (4.1.4) lib/rails/rack/logger.rb:20:in `call'
  actionpack (4.1.4) lib/action_dispatch/middleware/request_id.rb:21:in `call'
  rack (1.5.2) lib/rack/methodoverride.rb:21:in `call'
  rack (1.5.2) lib/rack/runtime.rb:17:in `call'
  activesupport (4.1.4) lib/active_support/cache/strategy/local_cache_middleware.rb:26:in `call'
  rack (1.5.2) lib/rack/lock.rb:17:in `call'
  actionpack (4.1.4) lib/action_dispatch/middleware/static.rb:64:in `call'
  rack (1.5.2) lib/rack/sendfile.rb:112:in `call'
  railties (4.1.4) lib/rails/engine.rb:514:in `call'
  railties (4.1.4) lib/rails/application.rb:144:in `call'
  rack (1.5.2) lib/rack/lock.rb:17:in `call'
  rack (1.5.2) lib/rack/content_length.rb:14:in `call'
  rack (1.5.2) lib/rack/handler/webrick.rb:60:in `service'
  /usr/local/rvm/rubies/ruby-2.0.0-p247/lib/ruby/2.0.0/webrick/httpserver.rb:138:in `service'
  /usr/local/rvm/rubies/ruby-2.0.0-p247/lib/ruby/2.0.0/webrick/httpserver.rb:94:in `run'
  /usr/local/rvm/rubies/ruby-2.0.0-p247/lib/ruby/2.0.0/webrick/server.rb:295:in `block in start_thread'


  Rendered /usr/local/rvm/gems/ruby-2.0.0-p247/gems/actionpack-4.1.4/lib/action_dispatch/middleware/templates/rescues/_trace.html.erb (1.1ms)
  Rendered /usr/local/rvm/gems/ruby-2.0.0-p247/gems/actionpack-4.1.4/lib/action_dispatch/middleware/templates/routes/_route.html.erb (1.5ms)
  Rendered /usr/local/rvm/gems/ruby-2.0.0-p247/gems/actionpack-4.1.4/lib/action_dispatch/middleware/templates/routes/_table.html.erb (8.1ms)
  Rendered /usr/local/rvm/gems/ruby-2.0.0-p247/gems/actionpack-4.1.4/lib/action_dispatch/middleware/templates/rescues/routing_error.html.erb within rescues/layout (31.1ms)


Started GET "/movies/1" for 10.0.2.2 at 2014-09-30 20:14:08 +0000
Processing by MoviesController#show as HTML
  Parameters: {"id"=>"1"}
  [1m[35mMovie Load (1.8ms)[0m  SELECT  "movies".* FROM "movies"  WHERE "movies"."id" = ? LIMIT 1  [["id", 1]]
  Rendered movies/show.html.erb within layouts/application (43.5ms)
Completed 200 OK in 364ms (Views: 360.1ms | ActiveRecord: 1.8ms)


Started GET "/images/www.google.com" for 10.0.2.2 at 2014-09-30 20:14:08 +0000

ActionController::RoutingError (No route matches [GET] "/images/www.google.com"):
  actionpack (4.1.4) lib/action_dispatch/middleware/debug_exceptions.rb:21:in `call'
  actionpack (4.1.4) lib/action_dispatch/middleware/show_exceptions.rb:30:in `call'
  railties (4.1.4) lib/rails/rack/logger.rb:38:in `call_app'
  railties (4.1.4) lib/rails/rack/logger.rb:20:in `block in call'
  activesupport (4.1.4) lib/active_support/tagged_logging.rb:68:in `block in tagged'
  activesupport (4.1.4) lib/active_support/tagged_logging.rb:26:in `tagged'
  activesupport (4.1.4) lib/active_support/tagged_logging.rb:68:in `tagged'
  railties (4.1.4) lib/rails/rack/logger.rb:20:in `call'
  actionpack (4.1.4) lib/action_dispatch/middleware/request_id.rb:21:in `call'
  rack (1.5.2) lib/rack/methodoverride.rb:21:in `call'
  rack (1.5.2) lib/rack/runtime.rb:17:in `call'
  activesupport (4.1.4) lib/active_support/cache/strategy/local_cache_middleware.rb:26:in `call'
  rack (1.5.2) lib/rack/lock.rb:17:in `call'
  actionpack (4.1.4) lib/action_dispatch/middleware/static.rb:64:in `call'
  rack (1.5.2) lib/rack/sendfile.rb:112:in `call'
  railties (4.1.4) lib/rails/engine.rb:514:in `call'
  railties (4.1.4) lib/rails/application.rb:144:in `call'
  rack (1.5.2) lib/rack/lock.rb:17:in `call'
  rack (1.5.2) lib/rack/content_length.rb:14:in `call'
  rack (1.5.2) lib/rack/handler/webrick.rb:60:in `service'
  /usr/local/rvm/rubies/ruby-2.0.0-p247/lib/ruby/2.0.0/webrick/httpserver.rb:138:in `service'
  /usr/local/rvm/rubies/ruby-2.0.0-p247/lib/ruby/2.0.0/webrick/httpserver.rb:94:in `run'
  /usr/local/rvm/rubies/ruby-2.0.0-p247/lib/ruby/2.0.0/webrick/server.rb:295:in `block in start_thread'


  Rendered /usr/local/rvm/gems/ruby-2.0.0-p247/gems/actionpack-4.1.4/lib/action_dispatch/middleware/templates/rescues/_trace.html.erb (0.6ms)
  Rendered /usr/local/rvm/gems/ruby-2.0.0-p247/gems/actionpack-4.1.4/lib/action_dispatch/middleware/templates/routes/_route.html.erb (1.1ms)
  Rendered /usr/local/rvm/gems/ruby-2.0.0-p247/gems/actionpack-4.1.4/lib/action_dispatch/middleware/templates/routes/_table.html.erb (1.0ms)
  Rendered /usr/local/rvm/gems/ruby-2.0.0-p247/gems/actionpack-4.1.4/lib/action_dispatch/middleware/templates/rescues/routing_error.html.erb within rescues/layout (18.0ms)
  [1m[36mActiveRecord::SchemaMigration Load (2.0ms)[0m  [1mSELECT "schema_migrations".* FROM "schema_migrations"[0m
Migrating to CreateUsers (20140930201504)
  [1m[35m (0.1ms)[0m  begin transaction
  [1m[36m (4.9ms)[0m  [1mCREATE TABLE "users" ("id" INTEGER PRIMARY KEY AUTOINCREMENT NOT NULL, "email" varchar(255), "password_digest" varchar(255), "created_at" datetime, "updated_at" datetime) [0m
  [1m[35mSQL (1.0ms)[0m  INSERT INTO "schema_migrations" ("version") VALUES (?)  [["version", "20140930201504"]]
  [1m[36m (2.9ms)[0m  [1mcommit transaction[0m
  [1m[35mActiveRecord::SchemaMigration Load (2.0ms)[0m  SELECT "schema_migrations".* FROM "schema_migrations"
  [1m[36mActiveRecord::SchemaMigration Load (2.0ms)[0m  [1mSELECT "schema_migrations".* FROM "schema_migrations"[0m
Migrating to AddNameFieldsToUsers (20140930201941)
  [1m[35m (0.1ms)[0m  begin transaction
  [1m[36m (5.6ms)[0m  [1mALTER TABLE "users" ADD "firstname" varchar(255)[0m
  [1m[35m (0.2ms)[0m  ALTER TABLE "users" ADD "lastname" varchar(255)
  [1m[36mSQL (1.2ms)[0m  [1mINSERT INTO "schema_migrations" ("version") VALUES (?)[0m  [["version", "20140930201941"]]
  [1m[35m (3.2ms)[0m  commit transaction
  [1m[36mActiveRecord::SchemaMigration Load (1.9ms)[0m  [1mSELECT "schema_migrations".* FROM "schema_migrations"[0m
  [1m[36mActiveRecord::SchemaMigration Load (13.2ms)[0m  [1mSELECT "schema_migrations".* FROM "schema_migrations"[0m
  [1m[35mActiveRecord::SchemaMigration Load (1.6ms)[0m  SELECT "schema_migrations".* FROM "schema_migrations"
  [1m[36mActiveRecord::SchemaMigration Load (16.5ms)[0m  [1mSELECT "schema_migrations".* FROM "schema_migrations"[0m
Migrating to CreateReviews (20140930210513)
  [1m[35m (0.1ms)[0m  begin transaction
  [1m[36m (17.2ms)[0m  [1mCREATE TABLE "reviews" ("id" INTEGER PRIMARY KEY AUTOINCREMENT NOT NULL, "user_id" integer, "movie_id" integer, "text" text, "rating_out_of_ten" integer, "created_at" datetime, "updated_at" datetime) [0m
  [1m[35m (0.0ms)[0m  select sqlite_version(*)
  [1m[36m (0.2ms)[0m  [1mCREATE  INDEX "index_reviews_on_user_id" ON "reviews" ("user_id")[0m
  [1m[35m (0.1ms)[0m              SELECT sql
            FROM sqlite_master
            WHERE name='index_reviews_on_user_id' AND type='index'
            UNION ALL
            SELECT sql
            FROM sqlite_temp_master
            WHERE name='index_reviews_on_user_id' AND type='index'

  [1m[36m (0.1ms)[0m  [1mCREATE  INDEX "index_reviews_on_movie_id" ON "reviews" ("movie_id")[0m
  [1m[35mSQL (1.2ms)[0m  INSERT INTO "schema_migrations" ("version") VALUES (?)  [["version", "20140930210513"]]
  [1m[36m (5.0ms)[0m  [1mcommit transaction[0m
  [1m[35mActiveRecord::SchemaMigration Load (1.8ms)[0m  SELECT "schema_migrations".* FROM "schema_migrations"
  [1m[36m (1.8ms)[0m  [1m            SELECT sql
            FROM sqlite_master
            WHERE name='index_reviews_on_movie_id' AND type='index'
            UNION ALL
            SELECT sql
            FROM sqlite_temp_master
            WHERE name='index_reviews_on_movie_id' AND type='index'
[0m
  [1m[35m (1.5ms)[0m              SELECT sql
            FROM sqlite_master
            WHERE name='index_reviews_on_user_id' AND type='index'
            UNION ALL
            SELECT sql
            FROM sqlite_temp_master
            WHERE name='index_reviews_on_user_id' AND type='index'

  [1m[36m (5.6ms)[0m  [1mCREATE TABLE "schema_migrations" ("version" varchar(255) NOT NULL) [0m
  [1m[35m (0.1ms)[0m  select sqlite_version(*)
  [1m[36m (6.4ms)[0m  [1mCREATE UNIQUE INDEX "unique_schema_migrations" ON "schema_migrations" ("version")[0m
  [1m[35mActiveRecord::SchemaMigration Load (2.0ms)[0m  SELECT "schema_migrations".* FROM "schema_migrations"
Migrating to CreateMovies (20140930195234)
  [1m[36m (0.1ms)[0m  [1mbegin transaction[0m
  [1m[35m (3.8ms)[0m  CREATE TABLE "movies" ("id" INTEGER PRIMARY KEY AUTOINCREMENT NOT NULL, "title" varchar(255), "director" varchar(255), "runtime_in_minutes" integer, "description" text, "poster_image_url" varchar(255), "release_date" datetime, "created_at" datetime, "updated_at" datetime) 
  [1m[36mSQL (0.9ms)[0m  [1mINSERT INTO "schema_migrations" ("version") VALUES (?)[0m  [["version", "20140930195234"]]
  [1m[35m (59.9ms)[0m  commit transaction
Migrating to CreateUsers (20140930201504)
  [1m[36m (0.1ms)[0m  [1mbegin transaction[0m
  [1m[35m (4.1ms)[0m  CREATE TABLE "users" ("id" INTEGER PRIMARY KEY AUTOINCREMENT NOT NULL, "email" varchar(255), "password_digest" varchar(255), "created_at" datetime, "updated_at" datetime) 
  [1m[36mSQL (1.0ms)[0m  [1mINSERT INTO "schema_migrations" ("version") VALUES (?)[0m  [["version", "20140930201504"]]
  [1m[35m (2.6ms)[0m  commit transaction
Migrating to AddNameFieldsToUsers (20140930201941)
  [1m[36m (0.1ms)[0m  [1mbegin transaction[0m
  [1m[35m (4.3ms)[0m  ALTER TABLE "users" ADD "firstname" varchar(255)
  [1m[36m (0.2ms)[0m  [1mALTER TABLE "users" ADD "lastname" varchar(255)[0m
  [1m[35mSQL (0.9ms)[0m  INSERT INTO "schema_migrations" ("version") VALUES (?)  [["version", "20140930201941"]]
  [1m[36m (14.0ms)[0m  [1mcommit transaction[0m
Migrating to CreateReviews (20140930210513)
  [1m[35m (0.1ms)[0m  begin transaction
  [1m[36m (3.7ms)[0m  [1mCREATE TABLE "reviews" ("id" INTEGER PRIMARY KEY AUTOINCREMENT NOT NULL, "user_id" integer, "movie_id" integer, "text" text, "rating_out_of_ten" integer, "created_at" datetime, "updated_at" datetime) [0m
  [1m[35m (0.1ms)[0m  CREATE  INDEX "index_reviews_on_user_id" ON "reviews" ("user_id")
  [1m[36m (0.1ms)[0m  [1m            SELECT sql
            FROM sqlite_master
            WHERE name='index_reviews_on_user_id' AND type='index'
            UNION ALL
            SELECT sql
            FROM sqlite_temp_master
            WHERE name='index_reviews_on_user_id' AND type='index'
[0m
  [1m[35m (0.1ms)[0m  CREATE  INDEX "index_reviews_on_movie_id" ON "reviews" ("movie_id")
  [1m[36mSQL (0.7ms)[0m  [1mINSERT INTO "schema_migrations" ("version") VALUES (?)[0m  [["version", "20140930210513"]]
  [1m[35m (3.4ms)[0m  commit transaction
  [1m[36mActiveRecord::SchemaMigration Load (6.0ms)[0m  [1mSELECT "schema_migrations".* FROM "schema_migrations"[0m
  [1m[35m (1.7ms)[0m              SELECT sql
            FROM sqlite_master
            WHERE name='index_reviews_on_movie_id' AND type='index'
            UNION ALL
            SELECT sql
            FROM sqlite_temp_master
            WHERE name='index_reviews_on_movie_id' AND type='index'

  [1m[36m (1.5ms)[0m  [1m            SELECT sql
            FROM sqlite_master
            WHERE name='index_reviews_on_user_id' AND type='index'
            UNION ALL
            SELECT sql
            FROM sqlite_temp_master
            WHERE name='index_reviews_on_user_id' AND type='index'
[0m


Started GET "/users/new" for 10.0.2.2 at 2014-09-30 21:39:30 +0000
  [1m[36mActiveRecord::SchemaMigration Load (2.0ms)[0m  [1mSELECT "schema_migrations".* FROM "schema_migrations"[0m
Processing by UsersController#new as HTML
  Rendered users/new.html.erb within layouts/application (79.0ms)
  Rendered layouts/_footer.html.erb (0.9ms)
Completed 200 OK in 1320ms (Views: 1235.0ms | ActiveRecord: 9.3ms)


Started GET "/assets/users.css?body=1" for 10.0.2.2 at 2014-09-30 21:39:33 +0000


Started GET "/assets/jquery.js?body=1" for 10.0.2.2 at 2014-09-30 21:39:33 +0000


Started GET "/assets/application.css?body=1" for 10.0.2.2 at 2014-09-30 21:39:33 +0000


Started GET "/assets/sessions.css?body=1" for 10.0.2.2 at 2014-09-30 21:39:33 +0000


Started GET "/assets/reviews.css?body=1" for 10.0.2.2 at 2014-09-30 21:39:33 +0000


Started GET "/assets/movies.css?body=1" for 10.0.2.2 at 2014-09-30 21:39:33 +0000


Started GET "/assets/jquery_ujs.js?body=1" for 10.0.2.2 at 2014-09-30 21:39:33 +0000


Started GET "/assets/turbolinks.js?body=1" for 10.0.2.2 at 2014-09-30 21:39:34 +0000


Started GET "/assets/movies.js?body=1" for 10.0.2.2 at 2014-09-30 21:39:34 +0000


Started GET "/assets/reviews.js?body=1" for 10.0.2.2 at 2014-09-30 21:39:34 +0000


Started GET "/assets/sessions.js?body=1" for 10.0.2.2 at 2014-09-30 21:39:34 +0000


Started GET "/assets/users.js?body=1" for 10.0.2.2 at 2014-09-30 21:39:34 +0000


Started GET "/assets/application.js?body=1" for 10.0.2.2 at 2014-09-30 21:39:34 +0000


Started POST "/users" for 10.0.2.2 at 2014-09-30 21:41:50 +0000
Processing by UsersController#create as HTML
  Parameters: {"utf8"=>"✓", "authenticity_token"=>"odSbI7e3vPoVWyGEA7Adn8GamjmLmVSqc/a6ejR9Tr8=", "user"=>{"email"=>"chris.chan.is@gmail.com", "firstname"=>"Chris", "lastname"=>"Chan", "password"=>"[FILTERED]", "password_confirmation"=>"[FILTERED]"}, "commit"=>"Submit"}
Completed 500 Internal Server Error in 1ms

NoMethodError (undefined method `cost' for BCrypt::Engine:Class):
  app/controllers/users_controller.rb:7:in `create'


  Rendered /usr/local/rvm/gems/ruby-2.0.0-p247/gems/actionpack-4.1.4/lib/action_dispatch/middleware/templates/rescues/_source.erb (0.6ms)
  Rendered /usr/local/rvm/gems/ruby-2.0.0-p247/gems/actionpack-4.1.4/lib/action_dispatch/middleware/templates/rescues/_trace.html.erb (1.1ms)
  Rendered /usr/local/rvm/gems/ruby-2.0.0-p247/gems/actionpack-4.1.4/lib/action_dispatch/middleware/templates/rescues/_request_and_response.html.erb (1.1ms)
  Rendered /usr/local/rvm/gems/ruby-2.0.0-p247/gems/actionpack-4.1.4/lib/action_dispatch/middleware/templates/rescues/diagnostics.erb within rescues/layout (16.0ms)


Started GET "/movies" for 10.0.2.2 at 2014-09-30 21:44:22 +0000
Processing by MoviesController#index as HTML
  [1m[35mMovie Load (2.0ms)[0m  SELECT "movies".* FROM "movies"
  Rendered movies/index.html.erb within layouts/application (107.9ms)
  Rendered layouts/_footer.html.erb (0.3ms)
Completed 200 OK in 703ms (Views: 675.2ms | ActiveRecord: 4.4ms)


Started GET "/assets/reviews.css?body=1" for 10.0.2.2 at 2014-09-30 21:44:23 +0000


Started GET "/assets/sessions.css?body=1" for 10.0.2.2 at 2014-09-30 21:44:23 +0000


Started GET "/assets/users.css?body=1" for 10.0.2.2 at 2014-09-30 21:44:23 +0000


Started GET "/assets/movies.css?body=1" for 10.0.2.2 at 2014-09-30 21:44:23 +0000


Started GET "/assets/jquery.js?body=1" for 10.0.2.2 at 2014-09-30 21:44:24 +0000


Started GET "/assets/application.css?body=1" for 10.0.2.2 at 2014-09-30 21:44:24 +0000


Started GET "/assets/jquery_ujs.js?body=1" for 10.0.2.2 at 2014-09-30 21:44:24 +0000


Started GET "/assets/turbolinks.js?body=1" for 10.0.2.2 at 2014-09-30 21:44:24 +0000


Started GET "/assets/movies.js?body=1" for 10.0.2.2 at 2014-09-30 21:44:24 +0000


Started GET "/assets/reviews.js?body=1" for 10.0.2.2 at 2014-09-30 21:44:24 +0000


Started GET "/assets/sessions.js?body=1" for 10.0.2.2 at 2014-09-30 21:44:24 +0000


Started GET "/assets/users.js?body=1" for 10.0.2.2 at 2014-09-30 21:44:24 +0000


Started GET "/assets/application.js?body=1" for 10.0.2.2 at 2014-09-30 21:44:24 +0000


Started GET "/images/url.com" for 10.0.2.2 at 2014-09-30 21:44:24 +0000

ActionController::RoutingError (No route matches [GET] "/images/url.com"):
  actionpack (4.1.4) lib/action_dispatch/middleware/debug_exceptions.rb:21:in `call'
  actionpack (4.1.4) lib/action_dispatch/middleware/show_exceptions.rb:30:in `call'
  railties (4.1.4) lib/rails/rack/logger.rb:38:in `call_app'
  railties (4.1.4) lib/rails/rack/logger.rb:20:in `block in call'
  activesupport (4.1.4) lib/active_support/tagged_logging.rb:68:in `block in tagged'
  activesupport (4.1.4) lib/active_support/tagged_logging.rb:26:in `tagged'
  activesupport (4.1.4) lib/active_support/tagged_logging.rb:68:in `tagged'
  railties (4.1.4) lib/rails/rack/logger.rb:20:in `call'
  actionpack (4.1.4) lib/action_dispatch/middleware/request_id.rb:21:in `call'
  rack (1.5.2) lib/rack/methodoverride.rb:21:in `call'
  rack (1.5.2) lib/rack/runtime.rb:17:in `call'
  activesupport (4.1.4) lib/active_support/cache/strategy/local_cache_middleware.rb:26:in `call'
  rack (1.5.2) lib/rack/lock.rb:17:in `call'
  actionpack (4.1.4) lib/action_dispatch/middleware/static.rb:64:in `call'
  rack (1.5.2) lib/rack/sendfile.rb:112:in `call'
  railties (4.1.4) lib/rails/engine.rb:514:in `call'
  railties (4.1.4) lib/rails/application.rb:144:in `call'
  rack (1.5.2) lib/rack/lock.rb:17:in `call'
  rack (1.5.2) lib/rack/content_length.rb:14:in `call'
  rack (1.5.2) lib/rack/handler/webrick.rb:60:in `service'
  /usr/local/rvm/rubies/ruby-2.0.0-p247/lib/ruby/2.0.0/webrick/httpserver.rb:138:in `service'
  /usr/local/rvm/rubies/ruby-2.0.0-p247/lib/ruby/2.0.0/webrick/httpserver.rb:94:in `run'
  /usr/local/rvm/rubies/ruby-2.0.0-p247/lib/ruby/2.0.0/webrick/server.rb:295:in `block in start_thread'


  Rendered /usr/local/rvm/gems/ruby-2.0.0-p247/gems/actionpack-4.1.4/lib/action_dispatch/middleware/templates/rescues/_trace.html.erb (0.9ms)
  Rendered /usr/local/rvm/gems/ruby-2.0.0-p247/gems/actionpack-4.1.4/lib/action_dispatch/middleware/templates/routes/_route.html.erb (3.1ms)
  Rendered /usr/local/rvm/gems/ruby-2.0.0-p247/gems/actionpack-4.1.4/lib/action_dispatch/middleware/templates/routes/_table.html.erb (17.6ms)
  Rendered /usr/local/rvm/gems/ruby-2.0.0-p247/gems/actionpack-4.1.4/lib/action_dispatch/middleware/templates/rescues/routing_error.html.erb within rescues/layout (53.2ms)


Started GET "/images/www.google.com" for 10.0.2.2 at 2014-09-30 21:44:24 +0000

ActionController::RoutingError (No route matches [GET] "/images/www.google.com"):
  actionpack (4.1.4) lib/action_dispatch/middleware/debug_exceptions.rb:21:in `call'
  actionpack (4.1.4) lib/action_dispatch/middleware/show_exceptions.rb:30:in `call'
  railties (4.1.4) lib/rails/rack/logger.rb:38:in `call_app'
  railties (4.1.4) lib/rails/rack/logger.rb:20:in `block in call'
  activesupport (4.1.4) lib/active_support/tagged_logging.rb:68:in `block in tagged'
  activesupport (4.1.4) lib/active_support/tagged_logging.rb:26:in `tagged'
  activesupport (4.1.4) lib/active_support/tagged_logging.rb:68:in `tagged'
  railties (4.1.4) lib/rails/rack/logger.rb:20:in `call'
  actionpack (4.1.4) lib/action_dispatch/middleware/request_id.rb:21:in `call'
  rack (1.5.2) lib/rack/methodoverride.rb:21:in `call'
  rack (1.5.2) lib/rack/runtime.rb:17:in `call'
  activesupport (4.1.4) lib/active_support/cache/strategy/local_cache_middleware.rb:26:in `call'
  rack (1.5.2) lib/rack/lock.rb:17:in `call'
  actionpack (4.1.4) lib/action_dispatch/middleware/static.rb:64:in `call'
  rack (1.5.2) lib/rack/sendfile.rb:112:in `call'
  railties (4.1.4) lib/rails/engine.rb:514:in `call'
  railties (4.1.4) lib/rails/application.rb:144:in `call'
  rack (1.5.2) lib/rack/lock.rb:17:in `call'
  rack (1.5.2) lib/rack/content_length.rb:14:in `call'
  rack (1.5.2) lib/rack/handler/webrick.rb:60:in `service'
  /usr/local/rvm/rubies/ruby-2.0.0-p247/lib/ruby/2.0.0/webrick/httpserver.rb:138:in `service'
  /usr/local/rvm/rubies/ruby-2.0.0-p247/lib/ruby/2.0.0/webrick/httpserver.rb:94:in `run'
  /usr/local/rvm/rubies/ruby-2.0.0-p247/lib/ruby/2.0.0/webrick/server.rb:295:in `block in start_thread'


  Rendered /usr/local/rvm/gems/ruby-2.0.0-p247/gems/actionpack-4.1.4/lib/action_dispatch/middleware/templates/rescues/_trace.html.erb (1.3ms)
  Rendered /usr/local/rvm/gems/ruby-2.0.0-p247/gems/actionpack-4.1.4/lib/action_dispatch/middleware/templates/routes/_route.html.erb (2.3ms)
  Rendered /usr/local/rvm/gems/ruby-2.0.0-p247/gems/actionpack-4.1.4/lib/action_dispatch/middleware/templates/routes/_table.html.erb (2.6ms)
  Rendered /usr/local/rvm/gems/ruby-2.0.0-p247/gems/actionpack-4.1.4/lib/action_dispatch/middleware/templates/rescues/routing_error.html.erb within rescues/layout (38.4ms)


Started GET "/users/new" for 10.0.2.2 at 2014-09-30 21:50:57 +0000
Processing by UsersController#new as HTML
  Rendered users/new.html.erb within layouts/application (3.4ms)
  Rendered layouts/_footer.html.erb (1.0ms)
Completed 200 OK in 589ms (Views: 588.1ms | ActiveRecord: 0.0ms)


Started POST "/users" for 10.0.2.2 at 2014-09-30 21:51:16 +0000
Processing by UsersController#create as HTML
  Parameters: {"utf8"=>"✓", "authenticity_token"=>"odSbI7e3vPoVWyGEA7Adn8GamjmLmVSqc/a6ejR9Tr8=", "user"=>{"email"=>"chris.chan.is@gmail.com", "firstname"=>"Chris", "lastname"=>"Chan", "password"=>"[FILTERED]", "password_confirmation"=>"[FILTERED]"}, "commit"=>"Submit"}
Completed 500 Internal Server Error in 1ms

NoMethodError (undefined method `cost' for BCrypt::Engine:Class):
  app/controllers/users_controller.rb:7:in `create'


  Rendered /usr/local/rvm/gems/ruby-2.0.0-p247/gems/actionpack-4.1.4/lib/action_dispatch/middleware/templates/rescues/_source.erb (1.2ms)
  Rendered /usr/local/rvm/gems/ruby-2.0.0-p247/gems/actionpack-4.1.4/lib/action_dispatch/middleware/templates/rescues/_trace.html.erb (1.2ms)
  Rendered /usr/local/rvm/gems/ruby-2.0.0-p247/gems/actionpack-4.1.4/lib/action_dispatch/middleware/templates/rescues/_request_and_response.html.erb (1.3ms)
  Rendered /usr/local/rvm/gems/ruby-2.0.0-p247/gems/actionpack-4.1.4/lib/action_dispatch/middleware/templates/rescues/diagnostics.erb within rescues/layout (16.8ms)


Started POST "/users" for 10.0.2.2 at 2014-09-30 21:53:00 +0000
Processing by UsersController#create as HTML
  Parameters: {"utf8"=>"✓", "authenticity_token"=>"odSbI7e3vPoVWyGEA7Adn8GamjmLmVSqc/a6ejR9Tr8=", "user"=>{"email"=>"chris.chan.is@gmail.com", "firstname"=>"Chris", "lastname"=>"Chan", "password"=>"[FILTERED]", "password_confirmation"=>"[FILTERED]"}, "commit"=>"Submit"}
Completed 500 Internal Server Error in 1ms

NoMethodError (undefined method `cost' for BCrypt::Engine:Class):
  app/controllers/users_controller.rb:7:in `create'


  Rendered /usr/local/rvm/gems/ruby-2.0.0-p247/gems/actionpack-4.1.4/lib/action_dispatch/middleware/templates/rescues/_source.erb (0.5ms)
  Rendered /usr/local/rvm/gems/ruby-2.0.0-p247/gems/actionpack-4.1.4/lib/action_dispatch/middleware/templates/rescues/_trace.html.erb (1.3ms)
  Rendered /usr/local/rvm/gems/ruby-2.0.0-p247/gems/actionpack-4.1.4/lib/action_dispatch/middleware/templates/rescues/_request_and_response.html.erb (1.1ms)
  Rendered /usr/local/rvm/gems/ruby-2.0.0-p247/gems/actionpack-4.1.4/lib/action_dispatch/middleware/templates/rescues/diagnostics.erb within rescues/layout (17.6ms)


Started POST "/users" for 10.0.2.2 at 2014-09-30 21:53:31 +0000
  [1m[36mActiveRecord::SchemaMigration Load (1.8ms)[0m  [1mSELECT "schema_migrations".* FROM "schema_migrations"[0m
Processing by UsersController#create as HTML
  Parameters: {"utf8"=>"✓", "authenticity_token"=>"odSbI7e3vPoVWyGEA7Adn8GamjmLmVSqc/a6ejR9Tr8=", "user"=>{"email"=>"chris.chan.is@gmail.com", "firstname"=>"Chris", "lastname"=>"Chan", "password"=>"[FILTERED]", "password_confirmation"=>"[FILTERED]"}, "commit"=>"Submit"}
  [1m[35m (0.1ms)[0m  begin transaction
Binary data inserted for `string` type on column `password_digest`
  [1m[36mSQL (8.2ms)[0m  [1mINSERT INTO "users" ("created_at", "email", "firstname", "lastname", "password_digest", "updated_at") VALUES (?, ?, ?, ?, ?, ?)[0m  [["created_at", "2014-09-30 21:53:32.903564"], ["email", "chris.chan.is@gmail.com"], ["firstname", "Chris"], ["lastname", "Chan"], ["password_digest", "$2a$10$LJ77MsjsLDp3qoeMpxdYBeVVJu1pYV2uPgo53oZZ6AjU9jjhLzSOi"], ["updated_at", "2014-09-30 21:53:32.903564"]]
  [1m[35m (3.5ms)[0m  commit transaction
Redirected to http://localhost:3000/movies
Completed 302 Found in 227ms (ActiveRecord: 14.5ms)


Started GET "/movies" for 10.0.2.2 at 2014-09-30 21:53:32 +0000
Processing by MoviesController#index as HTML
  [1m[36mMovie Load (2.3ms)[0m  [1mSELECT "movies".* FROM "movies"[0m
  Rendered movies/index.html.erb within layouts/application (101.3ms)
  [1m[35mUser Load (2.3ms)[0m  SELECT  "users".* FROM "users"  WHERE "users"."id" = ? LIMIT 1  [["id", 1]]
  Rendered layouts/_footer.html.erb (5.4ms)
Completed 200 OK in 1010ms (Views: 977.6ms | ActiveRecord: 6.5ms)


Started GET "/assets/movies.css?body=1" for 10.0.2.2 at 2014-09-30 21:53:34 +0000


Started GET "/assets/reviews.css?body=1" for 10.0.2.2 at 2014-09-30 21:53:34 +0000


Started GET "/assets/application.css?body=1" for 10.0.2.2 at 2014-09-30 21:53:34 +0000


Started GET "/assets/sessions.css?body=1" for 10.0.2.2 at 2014-09-30 21:53:34 +0000


Started GET "/assets/users.css?body=1" for 10.0.2.2 at 2014-09-30 21:53:34 +0000


Started GET "/assets/jquery.js?body=1" for 10.0.2.2 at 2014-09-30 21:53:34 +0000


Started GET "/assets/jquery_ujs.js?body=1" for 10.0.2.2 at 2014-09-30 21:53:34 +0000


Started GET "/assets/turbolinks.js?body=1" for 10.0.2.2 at 2014-09-30 21:53:34 +0000


Started GET "/assets/movies.js?body=1" for 10.0.2.2 at 2014-09-30 21:53:34 +0000


Started GET "/assets/reviews.js?body=1" for 10.0.2.2 at 2014-09-30 21:53:34 +0000


Started GET "/assets/sessions.js?body=1" for 10.0.2.2 at 2014-09-30 21:53:35 +0000


Started GET "/assets/users.js?body=1" for 10.0.2.2 at 2014-09-30 21:53:35 +0000


Started GET "/assets/application.js?body=1" for 10.0.2.2 at 2014-09-30 21:53:35 +0000


Started GET "/images/url.com" for 10.0.2.2 at 2014-09-30 21:53:35 +0000

ActionController::RoutingError (No route matches [GET] "/images/url.com"):
  actionpack (4.1.4) lib/action_dispatch/middleware/debug_exceptions.rb:21:in `call'
  actionpack (4.1.4) lib/action_dispatch/middleware/show_exceptions.rb:30:in `call'
  railties (4.1.4) lib/rails/rack/logger.rb:38:in `call_app'
  railties (4.1.4) lib/rails/rack/logger.rb:20:in `block in call'
  activesupport (4.1.4) lib/active_support/tagged_logging.rb:68:in `block in tagged'
  activesupport (4.1.4) lib/active_support/tagged_logging.rb:26:in `tagged'
  activesupport (4.1.4) lib/active_support/tagged_logging.rb:68:in `tagged'
  railties (4.1.4) lib/rails/rack/logger.rb:20:in `call'
  actionpack (4.1.4) lib/action_dispatch/middleware/request_id.rb:21:in `call'
  rack (1.5.2) lib/rack/methodoverride.rb:21:in `call'
  rack (1.5.2) lib/rack/runtime.rb:17:in `call'
  activesupport (4.1.4) lib/active_support/cache/strategy/local_cache_middleware.rb:26:in `call'
  rack (1.5.2) lib/rack/lock.rb:17:in `call'
  actionpack (4.1.4) lib/action_dispatch/middleware/static.rb:64:in `call'
  rack (1.5.2) lib/rack/sendfile.rb:112:in `call'
  railties (4.1.4) lib/rails/engine.rb:514:in `call'
  railties (4.1.4) lib/rails/application.rb:144:in `call'
  rack (1.5.2) lib/rack/lock.rb:17:in `call'
  rack (1.5.2) lib/rack/content_length.rb:14:in `call'
  rack (1.5.2) lib/rack/handler/webrick.rb:60:in `service'
  /usr/local/rvm/rubies/ruby-2.0.0-p247/lib/ruby/2.0.0/webrick/httpserver.rb:138:in `service'
  /usr/local/rvm/rubies/ruby-2.0.0-p247/lib/ruby/2.0.0/webrick/httpserver.rb:94:in `run'
  /usr/local/rvm/rubies/ruby-2.0.0-p247/lib/ruby/2.0.0/webrick/server.rb:295:in `block in start_thread'


  Rendered /usr/local/rvm/gems/ruby-2.0.0-p247/gems/actionpack-4.1.4/lib/action_dispatch/middleware/templates/rescues/_trace.html.erb (1.0ms)
  Rendered /usr/local/rvm/gems/ruby-2.0.0-p247/gems/actionpack-4.1.4/lib/action_dispatch/middleware/templates/routes/_route.html.erb (2.8ms)
  Rendered /usr/local/rvm/gems/ruby-2.0.0-p247/gems/actionpack-4.1.4/lib/action_dispatch/middleware/templates/routes/_table.html.erb (55.3ms)
  Rendered /usr/local/rvm/gems/ruby-2.0.0-p247/gems/actionpack-4.1.4/lib/action_dispatch/middleware/templates/rescues/routing_error.html.erb within rescues/layout (86.2ms)


Started GET "/images/www.google.com" for 10.0.2.2 at 2014-09-30 21:53:35 +0000

ActionController::RoutingError (No route matches [GET] "/images/www.google.com"):
  actionpack (4.1.4) lib/action_dispatch/middleware/debug_exceptions.rb:21:in `call'
  actionpack (4.1.4) lib/action_dispatch/middleware/show_exceptions.rb:30:in `call'
  railties (4.1.4) lib/rails/rack/logger.rb:38:in `call_app'
  railties (4.1.4) lib/rails/rack/logger.rb:20:in `block in call'
  activesupport (4.1.4) lib/active_support/tagged_logging.rb:68:in `block in tagged'
  activesupport (4.1.4) lib/active_support/tagged_logging.rb:26:in `tagged'
  activesupport (4.1.4) lib/active_support/tagged_logging.rb:68:in `tagged'
  railties (4.1.4) lib/rails/rack/logger.rb:20:in `call'
  actionpack (4.1.4) lib/action_dispatch/middleware/request_id.rb:21:in `call'
  rack (1.5.2) lib/rack/methodoverride.rb:21:in `call'
  rack (1.5.2) lib/rack/runtime.rb:17:in `call'
  activesupport (4.1.4) lib/active_support/cache/strategy/local_cache_middleware.rb:26:in `call'
  rack (1.5.2) lib/rack/lock.rb:17:in `call'
  actionpack (4.1.4) lib/action_dispatch/middleware/static.rb:64:in `call'
  rack (1.5.2) lib/rack/sendfile.rb:112:in `call'
  railties (4.1.4) lib/rails/engine.rb:514:in `call'
  railties (4.1.4) lib/rails/application.rb:144:in `call'
  rack (1.5.2) lib/rack/lock.rb:17:in `call'
  rack (1.5.2) lib/rack/content_length.rb:14:in `call'
  rack (1.5.2) lib/rack/handler/webrick.rb:60:in `service'
  /usr/local/rvm/rubies/ruby-2.0.0-p247/lib/ruby/2.0.0/webrick/httpserver.rb:138:in `service'
  /usr/local/rvm/rubies/ruby-2.0.0-p247/lib/ruby/2.0.0/webrick/httpserver.rb:94:in `run'
  /usr/local/rvm/rubies/ruby-2.0.0-p247/lib/ruby/2.0.0/webrick/server.rb:295:in `block in start_thread'


  Rendered /usr/local/rvm/gems/ruby-2.0.0-p247/gems/actionpack-4.1.4/lib/action_dispatch/middleware/templates/rescues/_trace.html.erb (1.0ms)
  Rendered /usr/local/rvm/gems/ruby-2.0.0-p247/gems/actionpack-4.1.4/lib/action_dispatch/middleware/templates/routes/_route.html.erb (1.8ms)
  Rendered /usr/local/rvm/gems/ruby-2.0.0-p247/gems/actionpack-4.1.4/lib/action_dispatch/middleware/templates/routes/_table.html.erb (1.1ms)
  Rendered /usr/local/rvm/gems/ruby-2.0.0-p247/gems/actionpack-4.1.4/lib/action_dispatch/middleware/templates/rescues/routing_error.html.erb within rescues/layout (22.6ms)


Started DELETE "/sessions/current" for 10.0.2.2 at 2014-09-30 21:54:50 +0000
  [1m[36mActiveRecord::SchemaMigration Load (2.3ms)[0m  [1mSELECT "schema_migrations".* FROM "schema_migrations"[0m
Processing by SessionsController#destroy as HTML
  Parameters: {"authenticity_token"=>"odSbI7e3vPoVWyGEA7Adn8GamjmLmVSqc/a6ejR9Tr8=", "id"=>"current"}
Redirected to http://localhost:3000/movies
Completed 302 Found in 48ms (ActiveRecord: 0.0ms)


Started GET "/movies" for 10.0.2.2 at 2014-09-30 21:54:51 +0000
Processing by MoviesController#index as HTML
  [1m[35mMovie Load (2.0ms)[0m  SELECT "movies".* FROM "movies"
  Rendered movies/index.html.erb within layouts/application (113.2ms)
  Rendered layouts/_footer.html.erb (0.9ms)
Completed 200 OK in 1089ms (Views: 1030.3ms | ActiveRecord: 3.9ms)


Started GET "/assets/movies.css?body=1" for 10.0.2.2 at 2014-09-30 21:54:53 +0000


Started GET "/assets/jquery.js?body=1" for 10.0.2.2 at 2014-09-30 21:54:53 +0000


Started GET "/assets/application.css?body=1" for 10.0.2.2 at 2014-09-30 21:54:53 +0000


Started GET "/assets/users.css?body=1" for 10.0.2.2 at 2014-09-30 21:54:53 +0000


Started GET "/assets/reviews.css?body=1" for 10.0.2.2 at 2014-09-30 21:54:53 +0000


Started GET "/assets/sessions.css?body=1" for 10.0.2.2 at 2014-09-30 21:54:53 +0000


Started GET "/assets/jquery_ujs.js?body=1" for 10.0.2.2 at 2014-09-30 21:54:53 +0000


Started GET "/assets/turbolinks.js?body=1" for 10.0.2.2 at 2014-09-30 21:54:53 +0000


Started GET "/assets/movies.js?body=1" for 10.0.2.2 at 2014-09-30 21:54:53 +0000


Started GET "/assets/reviews.js?body=1" for 10.0.2.2 at 2014-09-30 21:54:53 +0000


Started GET "/assets/sessions.js?body=1" for 10.0.2.2 at 2014-09-30 21:54:54 +0000


Started GET "/assets/users.js?body=1" for 10.0.2.2 at 2014-09-30 21:54:54 +0000


Started GET "/assets/application.js?body=1" for 10.0.2.2 at 2014-09-30 21:54:54 +0000


Started GET "/images/url.com" for 10.0.2.2 at 2014-09-30 21:54:54 +0000

ActionController::RoutingError (No route matches [GET] "/images/url.com"):
  actionpack (4.1.4) lib/action_dispatch/middleware/debug_exceptions.rb:21:in `call'
  actionpack (4.1.4) lib/action_dispatch/middleware/show_exceptions.rb:30:in `call'
  railties (4.1.4) lib/rails/rack/logger.rb:38:in `call_app'
  railties (4.1.4) lib/rails/rack/logger.rb:20:in `block in call'
  activesupport (4.1.4) lib/active_support/tagged_logging.rb:68:in `block in tagged'
  activesupport (4.1.4) lib/active_support/tagged_logging.rb:26:in `tagged'
  activesupport (4.1.4) lib/active_support/tagged_logging.rb:68:in `tagged'
  railties (4.1.4) lib/rails/rack/logger.rb:20:in `call'
  actionpack (4.1.4) lib/action_dispatch/middleware/request_id.rb:21:in `call'
  rack (1.5.2) lib/rack/methodoverride.rb:21:in `call'
  rack (1.5.2) lib/rack/runtime.rb:17:in `call'
  activesupport (4.1.4) lib/active_support/cache/strategy/local_cache_middleware.rb:26:in `call'
  rack (1.5.2) lib/rack/lock.rb:17:in `call'
  actionpack (4.1.4) lib/action_dispatch/middleware/static.rb:64:in `call'
  rack (1.5.2) lib/rack/sendfile.rb:112:in `call'
  railties (4.1.4) lib/rails/engine.rb:514:in `call'
  railties (4.1.4) lib/rails/application.rb:144:in `call'
  rack (1.5.2) lib/rack/lock.rb:17:in `call'
  rack (1.5.2) lib/rack/content_length.rb:14:in `call'
  rack (1.5.2) lib/rack/handler/webrick.rb:60:in `service'
  /usr/local/rvm/rubies/ruby-2.0.0-p247/lib/ruby/2.0.0/webrick/httpserver.rb:138:in `service'
  /usr/local/rvm/rubies/ruby-2.0.0-p247/lib/ruby/2.0.0/webrick/httpserver.rb:94:in `run'
  /usr/local/rvm/rubies/ruby-2.0.0-p247/lib/ruby/2.0.0/webrick/server.rb:295:in `block in start_thread'


  Rendered /usr/local/rvm/gems/ruby-2.0.0-p247/gems/actionpack-4.1.4/lib/action_dispatch/middleware/templates/rescues/_trace.html.erb (1.0ms)
  Rendered /usr/local/rvm/gems/ruby-2.0.0-p247/gems/actionpack-4.1.4/lib/action_dispatch/middleware/templates/routes/_route.html.erb (1.7ms)
  Rendered /usr/local/rvm/gems/ruby-2.0.0-p247/gems/actionpack-4.1.4/lib/action_dispatch/middleware/templates/routes/_table.html.erb (30.1ms)
  Rendered /usr/local/rvm/gems/ruby-2.0.0-p247/gems/actionpack-4.1.4/lib/action_dispatch/middleware/templates/rescues/routing_error.html.erb within rescues/layout (52.0ms)


Started GET "/images/www.google.com" for 10.0.2.2 at 2014-09-30 21:54:54 +0000

ActionController::RoutingError (No route matches [GET] "/images/www.google.com"):
  actionpack (4.1.4) lib/action_dispatch/middleware/debug_exceptions.rb:21:in `call'
  actionpack (4.1.4) lib/action_dispatch/middleware/show_exceptions.rb:30:in `call'
  railties (4.1.4) lib/rails/rack/logger.rb:38:in `call_app'
  railties (4.1.4) lib/rails/rack/logger.rb:20:in `block in call'
  activesupport (4.1.4) lib/active_support/tagged_logging.rb:68:in `block in tagged'
  activesupport (4.1.4) lib/active_support/tagged_logging.rb:26:in `tagged'
  activesupport (4.1.4) lib/active_support/tagged_logging.rb:68:in `tagged'
  railties (4.1.4) lib/rails/rack/logger.rb:20:in `call'
  actionpack (4.1.4) lib/action_dispatch/middleware/request_id.rb:21:in `call'
  rack (1.5.2) lib/rack/methodoverride.rb:21:in `call'
  rack (1.5.2) lib/rack/runtime.rb:17:in `call'
  activesupport (4.1.4) lib/active_support/cache/strategy/local_cache_middleware.rb:26:in `call'
  rack (1.5.2) lib/rack/lock.rb:17:in `call'
  actionpack (4.1.4) lib/action_dispatch/middleware/static.rb:64:in `call'
  rack (1.5.2) lib/rack/sendfile.rb:112:in `call'
  railties (4.1.4) lib/rails/engine.rb:514:in `call'
  railties (4.1.4) lib/rails/application.rb:144:in `call'
  rack (1.5.2) lib/rack/lock.rb:17:in `call'
  rack (1.5.2) lib/rack/content_length.rb:14:in `call'
  rack (1.5.2) lib/rack/handler/webrick.rb:60:in `service'
  /usr/local/rvm/rubies/ruby-2.0.0-p247/lib/ruby/2.0.0/webrick/httpserver.rb:138:in `service'
  /usr/local/rvm/rubies/ruby-2.0.0-p247/lib/ruby/2.0.0/webrick/httpserver.rb:94:in `run'
  /usr/local/rvm/rubies/ruby-2.0.0-p247/lib/ruby/2.0.0/webrick/server.rb:295:in `block in start_thread'


  Rendered /usr/local/rvm/gems/ruby-2.0.0-p247/gems/actionpack-4.1.4/lib/action_dispatch/middleware/templates/rescues/_trace.html.erb (1.2ms)
  Rendered /usr/local/rvm/gems/ruby-2.0.0-p247/gems/actionpack-4.1.4/lib/action_dispatch/middleware/templates/routes/_route.html.erb (1.4ms)
  Rendered /usr/local/rvm/gems/ruby-2.0.0-p247/gems/actionpack-4.1.4/lib/action_dispatch/middleware/templates/routes/_table.html.erb (1.1ms)
  Rendered /usr/local/rvm/gems/ruby-2.0.0-p247/gems/actionpack-4.1.4/lib/action_dispatch/middleware/templates/rescues/routing_error.html.erb within rescues/layout (23.7ms)


Started GET "/sessions/new" for 10.0.2.2 at 2014-09-30 21:54:57 +0000
Processing by SessionsController#new as HTML
  Rendered sessions/new.html.erb within layouts/application (1.3ms)
  Rendered layouts/_footer.html.erb (0.8ms)
Completed 200 OK in 618ms (Views: 616.3ms | ActiveRecord: 0.0ms)


Started POST "/sessions" for 10.0.2.2 at 2014-09-30 21:55:04 +0000
Processing by SessionsController#create as HTML
  Parameters: {"utf8"=>"✓", "authenticity_token"=>"odSbI7e3vPoVWyGEA7Adn8GamjmLmVSqc/a6ejR9Tr8=", "email"=>"chris.chan.is@gmail.com", "password"=>"[FILTERED]", "commit"=>"Log In"}
  [1m[36mUser Load (2.5ms)[0m  [1mSELECT  "users".* FROM "users"  WHERE "users"."email" = 'chris.chan.is@gmail.com' LIMIT 1[0m
Redirected to http://localhost:3000/movies
Completed 302 Found in 149ms (ActiveRecord: 4.6ms)


Started GET "/movies" for 10.0.2.2 at 2014-09-30 21:55:05 +0000
Processing by MoviesController#index as HTML
  [1m[35mMovie Load (1.9ms)[0m  SELECT "movies".* FROM "movies"
  Rendered movies/index.html.erb within layouts/application (105.7ms)
  [1m[36mUser Load (6.7ms)[0m  [1mSELECT  "users".* FROM "users"  WHERE "users"."id" = ? LIMIT 1[0m  [["id", 1]]
  Rendered layouts/_footer.html.erb (52.8ms)
Completed 200 OK in 645ms (Views: 635.2ms | ActiveRecord: 8.7ms)


Started GET "/assets/reviews.css?body=1" for 10.0.2.2 at 2014-09-30 21:55:05 +0000


Started GET "/assets/users.css?body=1" for 10.0.2.2 at 2014-09-30 21:55:06 +0000


Started GET "/assets/sessions.css?body=1" for 10.0.2.2 at 2014-09-30 21:55:06 +0000


Started GET "/assets/application.css?body=1" for 10.0.2.2 at 2014-09-30 21:55:06 +0000


Started GET "/assets/jquery.js?body=1" for 10.0.2.2 at 2014-09-30 21:55:06 +0000


Started GET "/assets/movies.css?body=1" for 10.0.2.2 at 2014-09-30 21:55:06 +0000


Started GET "/assets/jquery_ujs.js?body=1" for 10.0.2.2 at 2014-09-30 21:55:06 +0000


Started GET "/assets/turbolinks.js?body=1" for 10.0.2.2 at 2014-09-30 21:55:06 +0000


Started GET "/assets/movies.js?body=1" for 10.0.2.2 at 2014-09-30 21:55:06 +0000


Started GET "/assets/reviews.js?body=1" for 10.0.2.2 at 2014-09-30 21:55:06 +0000


Started GET "/assets/sessions.js?body=1" for 10.0.2.2 at 2014-09-30 21:55:06 +0000


Started GET "/assets/users.js?body=1" for 10.0.2.2 at 2014-09-30 21:55:06 +0000


Started GET "/assets/application.js?body=1" for 10.0.2.2 at 2014-09-30 21:55:06 +0000


Started GET "/images/url.com" for 10.0.2.2 at 2014-09-30 21:55:07 +0000

ActionController::RoutingError (No route matches [GET] "/images/url.com"):
  actionpack (4.1.4) lib/action_dispatch/middleware/debug_exceptions.rb:21:in `call'
  actionpack (4.1.4) lib/action_dispatch/middleware/show_exceptions.rb:30:in `call'
  railties (4.1.4) lib/rails/rack/logger.rb:38:in `call_app'
  railties (4.1.4) lib/rails/rack/logger.rb:20:in `block in call'
  activesupport (4.1.4) lib/active_support/tagged_logging.rb:68:in `block in tagged'
  activesupport (4.1.4) lib/active_support/tagged_logging.rb:26:in `tagged'
  activesupport (4.1.4) lib/active_support/tagged_logging.rb:68:in `tagged'
  railties (4.1.4) lib/rails/rack/logger.rb:20:in `call'
  actionpack (4.1.4) lib/action_dispatch/middleware/request_id.rb:21:in `call'
  rack (1.5.2) lib/rack/methodoverride.rb:21:in `call'
  rack (1.5.2) lib/rack/runtime.rb:17:in `call'
  activesupport (4.1.4) lib/active_support/cache/strategy/local_cache_middleware.rb:26:in `call'
  rack (1.5.2) lib/rack/lock.rb:17:in `call'
  actionpack (4.1.4) lib/action_dispatch/middleware/static.rb:64:in `call'
  rack (1.5.2) lib/rack/sendfile.rb:112:in `call'
  railties (4.1.4) lib/rails/engine.rb:514:in `call'
  railties (4.1.4) lib/rails/application.rb:144:in `call'
  rack (1.5.2) lib/rack/lock.rb:17:in `call'
  rack (1.5.2) lib/rack/content_length.rb:14:in `call'
  rack (1.5.2) lib/rack/handler/webrick.rb:60:in `service'
  /usr/local/rvm/rubies/ruby-2.0.0-p247/lib/ruby/2.0.0/webrick/httpserver.rb:138:in `service'
  /usr/local/rvm/rubies/ruby-2.0.0-p247/lib/ruby/2.0.0/webrick/httpserver.rb:94:in `run'
  /usr/local/rvm/rubies/ruby-2.0.0-p247/lib/ruby/2.0.0/webrick/server.rb:295:in `block in start_thread'


  Rendered /usr/local/rvm/gems/ruby-2.0.0-p247/gems/actionpack-4.1.4/lib/action_dispatch/middleware/templates/rescues/_trace.html.erb (1.0ms)
  Rendered /usr/local/rvm/gems/ruby-2.0.0-p247/gems/actionpack-4.1.4/lib/action_dispatch/middleware/templates/routes/_route.html.erb (1.6ms)
  Rendered /usr/local/rvm/gems/ruby-2.0.0-p247/gems/actionpack-4.1.4/lib/action_dispatch/middleware/templates/routes/_table.html.erb (1.0ms)
  Rendered /usr/local/rvm/gems/ruby-2.0.0-p247/gems/actionpack-4.1.4/lib/action_dispatch/middleware/templates/rescues/routing_error.html.erb within rescues/layout (21.2ms)


Started GET "/images/www.google.com" for 10.0.2.2 at 2014-09-30 21:55:07 +0000

ActionController::RoutingError (No route matches [GET] "/images/www.google.com"):
  actionpack (4.1.4) lib/action_dispatch/middleware/debug_exceptions.rb:21:in `call'
  actionpack (4.1.4) lib/action_dispatch/middleware/show_exceptions.rb:30:in `call'
  railties (4.1.4) lib/rails/rack/logger.rb:38:in `call_app'
  railties (4.1.4) lib/rails/rack/logger.rb:20:in `block in call'
  activesupport (4.1.4) lib/active_support/tagged_logging.rb:68:in `block in tagged'
  activesupport (4.1.4) lib/active_support/tagged_logging.rb:26:in `tagged'
  activesupport (4.1.4) lib/active_support/tagged_logging.rb:68:in `tagged'
  railties (4.1.4) lib/rails/rack/logger.rb:20:in `call'
  actionpack (4.1.4) lib/action_dispatch/middleware/request_id.rb:21:in `call'
  rack (1.5.2) lib/rack/methodoverride.rb:21:in `call'
  rack (1.5.2) lib/rack/runtime.rb:17:in `call'
  activesupport (4.1.4) lib/active_support/cache/strategy/local_cache_middleware.rb:26:in `call'
  rack (1.5.2) lib/rack/lock.rb:17:in `call'
  actionpack (4.1.4) lib/action_dispatch/middleware/static.rb:64:in `call'
  rack (1.5.2) lib/rack/sendfile.rb:112:in `call'
  railties (4.1.4) lib/rails/engine.rb:514:in `call'
  railties (4.1.4) lib/rails/application.rb:144:in `call'
  rack (1.5.2) lib/rack/lock.rb:17:in `call'
  rack (1.5.2) lib/rack/content_length.rb:14:in `call'
  rack (1.5.2) lib/rack/handler/webrick.rb:60:in `service'
  /usr/local/rvm/rubies/ruby-2.0.0-p247/lib/ruby/2.0.0/webrick/httpserver.rb:138:in `service'
  /usr/local/rvm/rubies/ruby-2.0.0-p247/lib/ruby/2.0.0/webrick/httpserver.rb:94:in `run'
  /usr/local/rvm/rubies/ruby-2.0.0-p247/lib/ruby/2.0.0/webrick/server.rb:295:in `block in start_thread'


  Rendered /usr/local/rvm/gems/ruby-2.0.0-p247/gems/actionpack-4.1.4/lib/action_dispatch/middleware/templates/rescues/_trace.html.erb (1.1ms)
  Rendered /usr/local/rvm/gems/ruby-2.0.0-p247/gems/actionpack-4.1.4/lib/action_dispatch/middleware/templates/routes/_route.html.erb (1.8ms)
  Rendered /usr/local/rvm/gems/ruby-2.0.0-p247/gems/actionpack-4.1.4/lib/action_dispatch/middleware/templates/routes/_table.html.erb (1.9ms)
  Rendered /usr/local/rvm/gems/ruby-2.0.0-p247/gems/actionpack-4.1.4/lib/action_dispatch/middleware/templates/rescues/routing_error.html.erb within rescues/layout (24.4ms)


Started GET "/movies/1" for 10.0.2.2 at 2014-09-30 21:56:03 +0000
Processing by MoviesController#show as HTML
  Parameters: {"id"=>"1"}
  [1m[35mMovie Load (1.9ms)[0m  SELECT  "movies".* FROM "movies"  WHERE "movies"."id" = ? LIMIT 1  [["id", 1]]
  [1m[36mUser Load (2.4ms)[0m  [1mSELECT  "users".* FROM "users"  WHERE "users"."id" = ? LIMIT 1[0m  [["id", 1]]
  [1m[35mReview Load (2.0ms)[0m  SELECT "reviews".* FROM "reviews"  WHERE "reviews"."movie_id" = ?  [["movie_id", 1]]
  Rendered movies/show.html.erb within layouts/application (213.1ms)
  Rendered layouts/_footer.html.erb (0.4ms)
Completed 200 OK in 754ms (Views: 745.6ms | ActiveRecord: 6.5ms)


Started GET "/images/url.com" for 10.0.2.2 at 2014-09-30 21:56:04 +0000

ActionController::RoutingError (No route matches [GET] "/images/url.com"):
  actionpack (4.1.4) lib/action_dispatch/middleware/debug_exceptions.rb:21:in `call'
  actionpack (4.1.4) lib/action_dispatch/middleware/show_exceptions.rb:30:in `call'
  railties (4.1.4) lib/rails/rack/logger.rb:38:in `call_app'
  railties (4.1.4) lib/rails/rack/logger.rb:20:in `block in call'
  activesupport (4.1.4) lib/active_support/tagged_logging.rb:68:in `block in tagged'
  activesupport (4.1.4) lib/active_support/tagged_logging.rb:26:in `tagged'
  activesupport (4.1.4) lib/active_support/tagged_logging.rb:68:in `tagged'
  railties (4.1.4) lib/rails/rack/logger.rb:20:in `call'
  actionpack (4.1.4) lib/action_dispatch/middleware/request_id.rb:21:in `call'
  rack (1.5.2) lib/rack/methodoverride.rb:21:in `call'
  rack (1.5.2) lib/rack/runtime.rb:17:in `call'
  activesupport (4.1.4) lib/active_support/cache/strategy/local_cache_middleware.rb:26:in `call'
  rack (1.5.2) lib/rack/lock.rb:17:in `call'
  actionpack (4.1.4) lib/action_dispatch/middleware/static.rb:64:in `call'
  rack (1.5.2) lib/rack/sendfile.rb:112:in `call'
  railties (4.1.4) lib/rails/engine.rb:514:in `call'
  railties (4.1.4) lib/rails/application.rb:144:in `call'
  rack (1.5.2) lib/rack/lock.rb:17:in `call'
  rack (1.5.2) lib/rack/content_length.rb:14:in `call'
  rack (1.5.2) lib/rack/handler/webrick.rb:60:in `service'
  /usr/local/rvm/rubies/ruby-2.0.0-p247/lib/ruby/2.0.0/webrick/httpserver.rb:138:in `service'
  /usr/local/rvm/rubies/ruby-2.0.0-p247/lib/ruby/2.0.0/webrick/httpserver.rb:94:in `run'
  /usr/local/rvm/rubies/ruby-2.0.0-p247/lib/ruby/2.0.0/webrick/server.rb:295:in `block in start_thread'


  Rendered /usr/local/rvm/gems/ruby-2.0.0-p247/gems/actionpack-4.1.4/lib/action_dispatch/middleware/templates/rescues/_trace.html.erb (1.0ms)
  Rendered /usr/local/rvm/gems/ruby-2.0.0-p247/gems/actionpack-4.1.4/lib/action_dispatch/middleware/templates/routes/_route.html.erb (1.8ms)
  Rendered /usr/local/rvm/gems/ruby-2.0.0-p247/gems/actionpack-4.1.4/lib/action_dispatch/middleware/templates/routes/_table.html.erb (1.1ms)
  Rendered /usr/local/rvm/gems/ruby-2.0.0-p247/gems/actionpack-4.1.4/lib/action_dispatch/middleware/templates/rescues/routing_error.html.erb within rescues/layout (24.3ms)


Started GET "/movies/1/reviews/new" for 10.0.2.2 at 2014-09-30 21:56:05 +0000
Processing by ReviewsController#new as HTML
  Parameters: {"movie_id"=>"1"}
  [1m[36mMovie Load (1.9ms)[0m  [1mSELECT  "movies".* FROM "movies"  WHERE "movies"."id" = ? LIMIT 1[0m  [["id", 1]]
  Rendered reviews/new.html.erb within layouts/application (48.2ms)
  [1m[35mUser Load (1.6ms)[0m  SELECT  "users".* FROM "users"  WHERE "users"."id" = ? LIMIT 1  [["id", 1]]
  Rendered layouts/_footer.html.erb (4.1ms)
Completed 200 OK in 682ms (Views: 618.9ms | ActiveRecord: 5.4ms)


Started POST "/movies/1/reviews" for 10.0.2.2 at 2014-09-30 21:56:24 +0000
Processing by ReviewsController#create as HTML
  Parameters: {"utf8"=>"✓", "authenticity_token"=>"odSbI7e3vPoVWyGEA7Adn8GamjmLmVSqc/a6ejR9Tr8=", "review"=>{"text"=>"Awesome movie.  Best Batman ever.", "rating_out_of_ten"=>"10"}, "commit"=>"Submit", "movie_id"=>"1"}
  [1m[36mMovie Load (1.8ms)[0m  [1mSELECT  "movies".* FROM "movies"  WHERE "movies"."id" = ? LIMIT 1[0m  [["id", 1]]
  [1m[35mUser Load (1.5ms)[0m  SELECT  "users".* FROM "users"  WHERE "users"."id" = ? LIMIT 1  [["id", 1]]
  [1m[36m (0.1ms)[0m  [1mbegin transaction[0m
  [1m[35mUser Load (1.8ms)[0m  SELECT  "users".* FROM "users"  WHERE "users"."id" = ? LIMIT 1  [["id", 1]]
  [1m[36mSQL (3.6ms)[0m  [1mINSERT INTO "reviews" ("created_at", "movie_id", "rating_out_of_ten", "text", "updated_at", "user_id") VALUES (?, ?, ?, ?, ?, ?)[0m  [["created_at", "2014-09-30 21:56:24.436249"], ["movie_id", 1], ["rating_out_of_ten", 10], ["text", "Awesome movie.  Best Batman ever."], ["updated_at", "2014-09-30 21:56:24.436249"], ["user_id", 1]]
  [1m[35m (3.2ms)[0m  commit transaction
Redirected to http://localhost:3000/movies/1
Completed 302 Found in 33ms (ActiveRecord: 12.0ms)


Started GET "/movies/1" for 10.0.2.2 at 2014-09-30 21:56:24 +0000
Processing by MoviesController#show as HTML
  Parameters: {"id"=>"1"}
  [1m[36mMovie Load (1.7ms)[0m  [1mSELECT  "movies".* FROM "movies"  WHERE "movies"."id" = ? LIMIT 1[0m  [["id", 1]]
  [1m[35mUser Load (1.3ms)[0m  SELECT  "users".* FROM "users"  WHERE "users"."id" = ? LIMIT 1  [["id", 1]]
  [1m[36mReview Load (1.8ms)[0m  [1mSELECT "reviews".* FROM "reviews"  WHERE "reviews"."movie_id" = ?[0m  [["movie_id", 1]]
  [1m[35mUser Load (2.0ms)[0m  SELECT  "users".* FROM "users"  WHERE "users"."id" = ? LIMIT 1  [["id", 1]]
  Rendered movies/show.html.erb within layouts/application (46.0ms)
  Rendered layouts/_footer.html.erb (0.3ms)
Completed 200 OK in 595ms (Views: 586.3ms | ActiveRecord: 6.8ms)


Started GET "/assets/movies.css?body=1" for 10.0.2.2 at 2014-09-30 21:56:25 +0000


Started GET "/assets/jquery.js?body=1" for 10.0.2.2 at 2014-09-30 21:56:25 +0000


Started GET "/assets/application.css?body=1" for 10.0.2.2 at 2014-09-30 21:56:25 +0000


Started GET "/assets/users.css?body=1" for 10.0.2.2 at 2014-09-30 21:56:25 +0000


Started GET "/assets/sessions.css?body=1" for 10.0.2.2 at 2014-09-30 21:56:25 +0000


Started GET "/assets/reviews.css?body=1" for 10.0.2.2 at 2014-09-30 21:56:25 +0000


Started GET "/assets/jquery_ujs.js?body=1" for 10.0.2.2 at 2014-09-30 21:56:25 +0000


Started GET "/assets/turbolinks.js?body=1" for 10.0.2.2 at 2014-09-30 21:56:25 +0000


Started GET "/assets/movies.js?body=1" for 10.0.2.2 at 2014-09-30 21:56:25 +0000


Started GET "/assets/reviews.js?body=1" for 10.0.2.2 at 2014-09-30 21:56:25 +0000


Started GET "/assets/sessions.js?body=1" for 10.0.2.2 at 2014-09-30 21:56:26 +0000


Started GET "/assets/users.js?body=1" for 10.0.2.2 at 2014-09-30 21:56:26 +0000


Started GET "/assets/application.js?body=1" for 10.0.2.2 at 2014-09-30 21:56:26 +0000


Started GET "/images/url.com" for 10.0.2.2 at 2014-09-30 21:56:26 +0000

ActionController::RoutingError (No route matches [GET] "/images/url.com"):
  actionpack (4.1.4) lib/action_dispatch/middleware/debug_exceptions.rb:21:in `call'
  actionpack (4.1.4) lib/action_dispatch/middleware/show_exceptions.rb:30:in `call'
  railties (4.1.4) lib/rails/rack/logger.rb:38:in `call_app'
  railties (4.1.4) lib/rails/rack/logger.rb:20:in `block in call'
  activesupport (4.1.4) lib/active_support/tagged_logging.rb:68:in `block in tagged'
  activesupport (4.1.4) lib/active_support/tagged_logging.rb:26:in `tagged'
  activesupport (4.1.4) lib/active_support/tagged_logging.rb:68:in `tagged'
  railties (4.1.4) lib/rails/rack/logger.rb:20:in `call'
  actionpack (4.1.4) lib/action_dispatch/middleware/request_id.rb:21:in `call'
  rack (1.5.2) lib/rack/methodoverride.rb:21:in `call'
  rack (1.5.2) lib/rack/runtime.rb:17:in `call'
  activesupport (4.1.4) lib/active_support/cache/strategy/local_cache_middleware.rb:26:in `call'
  rack (1.5.2) lib/rack/lock.rb:17:in `call'
  actionpack (4.1.4) lib/action_dispatch/middleware/static.rb:64:in `call'
  rack (1.5.2) lib/rack/sendfile.rb:112:in `call'
  railties (4.1.4) lib/rails/engine.rb:514:in `call'
  railties (4.1.4) lib/rails/application.rb:144:in `call'
  rack (1.5.2) lib/rack/lock.rb:17:in `call'
  rack (1.5.2) lib/rack/content_length.rb:14:in `call'
  rack (1.5.2) lib/rack/handler/webrick.rb:60:in `service'
  /usr/local/rvm/rubies/ruby-2.0.0-p247/lib/ruby/2.0.0/webrick/httpserver.rb:138:in `service'
  /usr/local/rvm/rubies/ruby-2.0.0-p247/lib/ruby/2.0.0/webrick/httpserver.rb:94:in `run'
  /usr/local/rvm/rubies/ruby-2.0.0-p247/lib/ruby/2.0.0/webrick/server.rb:295:in `block in start_thread'


  Rendered /usr/local/rvm/gems/ruby-2.0.0-p247/gems/actionpack-4.1.4/lib/action_dispatch/middleware/templates/rescues/_trace.html.erb (1.1ms)
  Rendered /usr/local/rvm/gems/ruby-2.0.0-p247/gems/actionpack-4.1.4/lib/action_dispatch/middleware/templates/routes/_route.html.erb (1.8ms)
  Rendered /usr/local/rvm/gems/ruby-2.0.0-p247/gems/actionpack-4.1.4/lib/action_dispatch/middleware/templates/routes/_table.html.erb (1.2ms)
  Rendered /usr/local/rvm/gems/ruby-2.0.0-p247/gems/actionpack-4.1.4/lib/action_dispatch/middleware/templates/rescues/routing_error.html.erb within rescues/layout (22.1ms)
